To flash all build output, run 'make flash' or:
python /home/giovanni/esp32/esp-idf/components/esptool_py/esptool/esptool.py --chip esp32 --port /dev/ttyUSB0 --baud 115200 --before default_reset --after hard_reset write_flash -z --flash_mode dio --flash_freq 40m --flash_size detect 0xe000 /home/giovanni/Desktop/esp32-ultrasonic-ruler-master/src/components/arduino/tools/partitions/boot_app0.bin 0x1000 /home/giovanni/Desktop/esp32-ultrasonic-ruler-master/src/build/bootloader/bootloader.bin 0x10000 /home/giovanni/Desktop/esp32-ultrasonic-ruler-master/src/build/sntp.bin 0x8000 /home/giovanni/Desktop/esp32-ultrasonic-ruler-master/src/build/default.bin
Flashing binaries to serial port /dev/ttyUSB0 (app at offset 0x10000)...
esptool.py v2.3.1
Connecting........____
Chip is ESP32D0WDQ6 (revision 1)
Features: WiFi, BT, Dual Core
Uploading stub...
Running stub...
Stub running...
Configuring flash size...
Auto-detected Flash size: 4MB
Compressed 8192 bytes to 47...
Wrote 8192 bytes (47 compressed) at 0x0000e000 in 0.0 seconds (effective 6299.2 kbit/s)...
Hash of data verified.
Flash params set to 0x0220
Compressed 19232 bytes to 11310...
Wrote 19232 bytes (11310 compressed) at 0x00001000 in 1.0 seconds (effective 153.9 kbit/s)...
Hash of data verified.
Compressed 504128 bytes to 312217...
Wrote 504128 bytes (312217 compressed) at 0x00010000 in 27.7 seconds (effective 145.5 kbit/s)...
Hash of data verified.
Compressed 3072 bytes to 122...
Wrote 3072 bytes (122 compressed) at 0x00008000 in 0.0 seconds (effective 1258.8 kbit/s)...
Hash of data verified.
